[error] Failed to fetch Firebase Project from Studio Workspace because WORKSPACE_SLUG environment variable is empty
[error] Failed to fetch Firebase Project from Studio Workspace because WORKSPACE_SLUG environment variable is empty
[error] Failed to fetch Firebase Project from Studio Workspace because WORKSPACE_SLUG environment variable is empty
[error] Failed to fetch Firebase Project from Studio Workspace because WORKSPACE_SLUG environment variable is empty
[debug] [2025-12-24T16:46:43.186Z] > command requires scopes: ["email","openid","https://www.googleapis.com/auth/cloudplatformprojects.readonly","https://www.googleapis.com/auth/firebase","https://www.googleapis.com/auth/cloud-platform","https://www.googleapis.com/auth/userinfo.email"]
[debug] [2025-12-24T16:46:43.192Z] > authorizing via signed-in user (ai729776@gmail.com)
[debug] [2025-12-24T16:46:43.211Z] Checked if tokens are valid: false, expires at: 1766595235804
[debug] [2025-12-24T16:46:43.212Z] Checked if tokens are valid: false, expires at: 1766595235804
[debug] [2025-12-24T16:46:43.213Z] > refreshing access token with scopes: []
[debug] [2025-12-24T16:46:43.217Z] >>> [apiv2][query] POST https://www.googleapis.com/oauth2/v3/token [none]
[debug] [2025-12-24T16:46:43.217Z] >>> [apiv2][body] POST https://www.googleapis.com/oauth2/v3/token [omitted]
[debug] [2025-12-24T16:46:43.255Z] Checked if tokens are valid: false, expires at: 1766595235804
[debug] [2025-12-24T16:46:43.255Z] Checked if tokens are valid: false, expires at: 1766595235804
[debug] [2025-12-24T16:46:43.255Z] > refreshing access token with scopes: []
[debug] [2025-12-24T16:46:43.256Z] >>> [apiv2][query] POST https://www.googleapis.com/oauth2/v3/token [none]
[debug] [2025-12-24T16:46:43.256Z] >>> [apiv2][body] POST https://www.googleapis.com/oauth2/v3/token [omitted]
[debug] [2025-12-24T16:46:43.259Z] Checked if tokens are valid: false, expires at: 1766595235804
[debug] [2025-12-24T16:46:43.259Z] Checked if tokens are valid: false, expires at: 1766595235804
[debug] [2025-12-24T16:46:43.259Z] > refreshing access token with scopes: []
[debug] [2025-12-24T16:46:43.260Z] >>> [apiv2][query] POST https://www.googleapis.com/oauth2/v3/token [none]
[debug] [2025-12-24T16:46:43.260Z] >>> [apiv2][body] POST https://www.googleapis.com/oauth2/v3/token [omitted]
[debug] [2025-12-24T16:46:43.263Z] Checked if tokens are valid: false, expires at: 1766595235804
[debug] [2025-12-24T16:46:43.263Z] Checked if tokens are valid: false, expires at: 1766595235804
[debug] [2025-12-24T16:46:43.263Z] > refreshing access token with scopes: []
[debug] [2025-12-24T16:46:43.264Z] >>> [apiv2][query] POST https://www.googleapis.com/oauth2/v3/token [none]
[debug] [2025-12-24T16:46:43.264Z] >>> [apiv2][body] POST https://www.googleapis.com/oauth2/v3/token [omitted]
[debug] [2025-12-24T16:46:43.267Z] Checked if tokens are valid: false, expires at: 1766595235804
[debug] [2025-12-24T16:46:43.267Z] Checked if tokens are valid: false, expires at: 1766595235804
[debug] [2025-12-24T16:46:43.267Z] > refreshing access token with scopes: []
[debug] [2025-12-24T16:46:43.267Z] >>> [apiv2][query] POST https://www.googleapis.com/oauth2/v3/token [none]
[debug] [2025-12-24T16:46:43.268Z] >>> [apiv2][body] POST https://www.googleapis.com/oauth2/v3/token [omitted]
[debug] [2025-12-24T16:46:43.269Z] Checked if tokens are valid: false, expires at: 1766595235804
[debug] [2025-12-24T16:46:43.270Z] Checked if tokens are valid: false, expires at: 1766595235804
[debug] [2025-12-24T16:46:43.270Z] > refreshing access token with scopes: []
[debug] [2025-12-24T16:46:43.270Z] >>> [apiv2][query] POST https://www.googleapis.com/oauth2/v3/token [none]
[debug] [2025-12-24T16:46:43.270Z] >>> [apiv2][body] POST https://www.googleapis.com/oauth2/v3/token [omitted]
[debug] [2025-12-24T16:46:43.301Z] Checked if tokens are valid: false, expires at: 1766595235804
[debug] [2025-12-24T16:46:43.301Z] Checked if tokens are valid: false, expires at: 1766595235804
[debug] [2025-12-24T16:46:43.301Z] > refreshing access token with scopes: []
[debug] [2025-12-24T16:46:43.301Z] >>> [apiv2][query] POST https://www.googleapis.com/oauth2/v3/token [none]
[debug] [2025-12-24T16:46:43.301Z] >>> [apiv2][body] POST https://www.googleapis.com/oauth2/v3/token [omitted]
[debug] [2025-12-24T16:46:43.304Z] > command requires scopes: ["email","openid","https://www.googleapis.com/auth/cloudplatformprojects.readonly","https://www.googleapis.com/auth/firebase","https://www.googleapis.com/auth/cloud-platform","https://www.googleapis.com/auth/userinfo.email"]
[debug] [2025-12-24T16:46:43.305Z] > authorizing via signed-in user (ai729776@gmail.com)
[debug] [2025-12-24T16:46:43.306Z] Checked if tokens are valid: false, expires at: 1766595235804
[debug] [2025-12-24T16:46:43.306Z] Checked if tokens are valid: false, expires at: 1766595235804
[debug] [2025-12-24T16:46:43.306Z] > refreshing access token with scopes: []
[debug] [2025-12-24T16:46:43.307Z] >>> [apiv2][query] POST https://www.googleapis.com/oauth2/v3/token [none]
[debug] [2025-12-24T16:46:43.307Z] >>> [apiv2][body] POST https://www.googleapis.com/oauth2/v3/token [omitted]
[debug] [2025-12-24T16:46:43.312Z] Checked if tokens are valid: false, expires at: 1766595235804
[debug] [2025-12-24T16:46:43.312Z] Checked if tokens are valid: false, expires at: 1766595235804
[debug] [2025-12-24T16:46:43.312Z] > refreshing access token with scopes: []
[debug] [2025-12-24T16:46:43.313Z] >>> [apiv2][query] POST https://www.googleapis.com/oauth2/v3/token [none]
[debug] [2025-12-24T16:46:43.313Z] >>> [apiv2][body] POST https://www.googleapis.com/oauth2/v3/token [omitted]
[debug] [2025-12-24T16:46:43.316Z] Checked if tokens are valid: false, expires at: 1766595235804
[debug] [2025-12-24T16:46:43.317Z] Checked if tokens are valid: false, expires at: 1766595235804
[debug] [2025-12-24T16:46:43.317Z] > refreshing access token with scopes: []
[debug] [2025-12-24T16:46:43.317Z] >>> [apiv2][query] POST https://www.googleapis.com/oauth2/v3/token [none]
[debug] [2025-12-24T16:46:43.318Z] >>> [apiv2][body] POST https://www.googleapis.com/oauth2/v3/token [omitted]
[debug] [2025-12-24T16:46:43.321Z] Checked if tokens are valid: false, expires at: 1766595235804
[debug] [2025-12-24T16:46:43.321Z] Checked if tokens are valid: false, expires at: 1766595235804
[debug] [2025-12-24T16:46:43.321Z] > refreshing access token with scopes: []
[debug] [2025-12-24T16:46:43.322Z] >>> [apiv2][query] POST https://www.googleapis.com/oauth2/v3/token [none]
[debug] [2025-12-24T16:46:43.322Z] >>> [apiv2][body] POST https://www.googleapis.com/oauth2/v3/token [omitted]
[debug] [2025-12-24T16:46:43.324Z] Checked if tokens are valid: false, expires at: 1766595235804
[debug] [2025-12-24T16:46:43.324Z] Checked if tokens are valid: false, expires at: 1766595235804
[debug] [2025-12-24T16:46:43.324Z] > refreshing access token with scopes: []
[debug] [2025-12-24T16:46:43.325Z] >>> [apiv2][query] POST https://www.googleapis.com/oauth2/v3/token [none]
[debug] [2025-12-24T16:46:43.325Z] >>> [apiv2][body] POST https://www.googleapis.com/oauth2/v3/token [omitted]
[debug] [2025-12-24T16:46:43.328Z] Checked if tokens are valid: false, expires at: 1766595235804
[debug] [2025-12-24T16:46:43.328Z] Checked if tokens are valid: false, expires at: 1766595235804
[debug] [2025-12-24T16:46:43.329Z] > refreshing access token with scopes: []
[debug] [2025-12-24T16:46:43.329Z] >>> [apiv2][query] POST https://www.googleapis.com/oauth2/v3/token [none]
[debug] [2025-12-24T16:46:43.329Z] >>> [apiv2][body] POST https://www.googleapis.com/oauth2/v3/token [omitted]
[debug] [2025-12-24T16:46:43.335Z] Checked if tokens are valid: false, expires at: 1766595235804
[debug] [2025-12-24T16:46:43.335Z] Checked if tokens are valid: false, expires at: 1766595235804
[debug] [2025-12-24T16:46:43.335Z] > refreshing access token with scopes: []
[debug] [2025-12-24T16:46:43.335Z] >>> [apiv2][query] POST https://www.googleapis.com/oauth2/v3/token [none]
[debug] [2025-12-24T16:46:43.335Z] >>> [apiv2][body] POST https://www.googleapis.com/oauth2/v3/token [omitted]
[debug] [2025-12-24T16:46:43.493Z] <<< [apiv2][status] POST https://www.googleapis.com/oauth2/v3/token 200
[debug] [2025-12-24T16:46:43.494Z] <<< [apiv2][body] POST https://www.googleapis.com/oauth2/v3/token [omitted]
[debug] [2025-12-24T16:46:43.521Z] >>> [apiv2][query] GET https://serviceusage.googleapis.com/v1/projects/nova-stream-dae14/services/storage.googleapis.com [none]
[debug] [2025-12-24T16:46:43.521Z] >>> [apiv2][(partial)header] GET https://serviceusage.googleapis.com/v1/projects/nova-stream-dae14/services/storage.googleapis.com x-goog-quota-user=projects/nova-stream-dae14
[debug] [2025-12-24T16:46:43.526Z] <<< [apiv2][status] POST https://www.googleapis.com/oauth2/v3/token 200
[debug] [2025-12-24T16:46:43.526Z] <<< [apiv2][body] POST https://www.googleapis.com/oauth2/v3/token [omitted]
[debug] [2025-12-24T16:46:43.533Z] >>> [apiv2][query] GET https://serviceusage.googleapis.com/v1/projects/nova-stream-dae14/services/firebaseapphosting.googleapis.com [none]
[debug] [2025-12-24T16:46:43.534Z] >>> [apiv2][(partial)header] GET https://serviceusage.googleapis.com/v1/projects/nova-stream-dae14/services/firebaseapphosting.googleapis.com x-goog-quota-user=projects/nova-stream-dae14
[debug] [2025-12-24T16:46:43.561Z] <<< [apiv2][status] POST https://www.googleapis.com/oauth2/v3/token 200
[debug] [2025-12-24T16:46:43.561Z] <<< [apiv2][body] POST https://www.googleapis.com/oauth2/v3/token [omitted]
[debug] [2025-12-24T16:46:43.573Z] >>> [apiv2][query] GET https://serviceusage.googleapis.com/v1/projects/nova-stream-dae14/services/cloudfunctions.googleapis.com [none]
[debug] [2025-12-24T16:46:43.573Z] >>> [apiv2][(partial)header] GET https://serviceusage.googleapis.com/v1/projects/nova-stream-dae14/services/cloudfunctions.googleapis.com x-goog-quota-user=projects/nova-stream-dae14
[debug] [2025-12-24T16:46:43.576Z] <<< [apiv2][status] POST https://www.googleapis.com/oauth2/v3/token 200
[debug] [2025-12-24T16:46:43.577Z] <<< [apiv2][body] POST https://www.googleapis.com/oauth2/v3/token [omitted]
[debug] [2025-12-24T16:46:43.584Z] >>> [apiv2][query] GET https://serviceusage.googleapis.com/v1/projects/nova-stream-dae14/services/fcm.googleapis.com [none]
[debug] [2025-12-24T16:46:43.584Z] >>> [apiv2][(partial)header] GET https://serviceusage.googleapis.com/v1/projects/nova-stream-dae14/services/fcm.googleapis.com x-goog-quota-user=projects/nova-stream-dae14
[debug] [2025-12-24T16:46:43.617Z] <<< [apiv2][status] POST https://www.googleapis.com/oauth2/v3/token 200
[debug] [2025-12-24T16:46:43.617Z] <<< [apiv2][body] POST https://www.googleapis.com/oauth2/v3/token [omitted]
[debug] [2025-12-24T16:46:43.630Z] >>> [apiv2][query] GET https://serviceusage.googleapis.com/v1/projects/nova-stream-dae14/services/identitytoolkit.googleapis.com [none]
[debug] [2025-12-24T16:46:43.630Z] >>> [apiv2][(partial)header] GET https://serviceusage.googleapis.com/v1/projects/nova-stream-dae14/services/identitytoolkit.googleapis.com x-goog-quota-user=projects/nova-stream-dae14
[debug] [2025-12-24T16:46:43.637Z] <<< [apiv2][status] POST https://www.googleapis.com/oauth2/v3/token 200
[debug] [2025-12-24T16:46:43.637Z] <<< [apiv2][body] POST https://www.googleapis.com/oauth2/v3/token [omitted]
[debug] [2025-12-24T16:46:43.650Z] >>> [apiv2][query] GET https://serviceusage.googleapis.com/v1/projects/nova-stream-dae14/services/firebaseapphosting.googleapis.com [none]
[debug] [2025-12-24T16:46:43.650Z] >>> [apiv2][(partial)header] GET https://serviceusage.googleapis.com/v1/projects/nova-stream-dae14/services/firebaseapphosting.googleapis.com x-goog-quota-user=projects/nova-stream-dae14
[debug] [2025-12-24T16:46:43.685Z] <<< [apiv2][status] POST https://www.googleapis.com/oauth2/v3/token 200
[debug] [2025-12-24T16:46:43.685Z] <<< [apiv2][body] POST https://www.googleapis.com/oauth2/v3/token [omitted]
[debug] [2025-12-24T16:46:43.697Z] >>> [apiv2][query] GET https://serviceusage.googleapis.com/v1/projects/nova-stream-dae14/services/firebasedataconnect.googleapis.com [none]
[debug] [2025-12-24T16:46:43.698Z] >>> [apiv2][(partial)header] GET https://serviceusage.googleapis.com/v1/projects/nova-stream-dae14/services/firebasedataconnect.googleapis.com x-goog-quota-user=projects/nova-stream-dae14
[debug] [2025-12-24T16:46:43.735Z] <<< [apiv2][status] POST https://www.googleapis.com/oauth2/v3/token 200
[debug] [2025-12-24T16:46:43.735Z] <<< [apiv2][body] POST https://www.googleapis.com/oauth2/v3/token [omitted]
[debug] [2025-12-24T16:46:43.754Z] >>> [apiv2][query] GET https://serviceusage.googleapis.com/v1/projects/nova-stream-dae14/services/fcm.googleapis.com [none]
[debug] [2025-12-24T16:46:43.754Z] >>> [apiv2][(partial)header] GET https://serviceusage.googleapis.com/v1/projects/nova-stream-dae14/services/fcm.googleapis.com x-goog-quota-user=projects/nova-stream-dae14
[debug] [2025-12-24T16:46:43.757Z] <<< [apiv2][status] POST https://www.googleapis.com/oauth2/v3/token 200
[debug] [2025-12-24T16:46:43.757Z] <<< [apiv2][body] POST https://www.googleapis.com/oauth2/v3/token [omitted]
[debug] [2025-12-24T16:46:43.766Z] >>> [apiv2][query] GET https://serviceusage.googleapis.com/v1/projects/nova-stream-dae14/services/firebaseremoteconfig.googleapis.com [none]
[debug] [2025-12-24T16:46:43.766Z] >>> [apiv2][(partial)header] GET https://serviceusage.googleapis.com/v1/projects/nova-stream-dae14/services/firebaseremoteconfig.googleapis.com x-goog-quota-user=projects/nova-stream-dae14
[debug] [2025-12-24T16:46:43.769Z] <<< [apiv2][status] POST https://www.googleapis.com/oauth2/v3/token 200
[debug] [2025-12-24T16:46:43.769Z] <<< [apiv2][body] POST https://www.googleapis.com/oauth2/v3/token [omitted]
[debug] [2025-12-24T16:46:43.783Z] >>> [apiv2][query] GET https://serviceusage.googleapis.com/v1/projects/nova-stream-dae14/services/cloudfunctions.googleapis.com [none]
[debug] [2025-12-24T16:46:43.784Z] >>> [apiv2][(partial)header] GET https://serviceusage.googleapis.com/v1/projects/nova-stream-dae14/services/cloudfunctions.googleapis.com x-goog-quota-user=projects/nova-stream-dae14
[debug] [2025-12-24T16:46:43.787Z] <<< [apiv2][status] POST https://www.googleapis.com/oauth2/v3/token 200
[debug] [2025-12-24T16:46:43.787Z] <<< [apiv2][body] POST https://www.googleapis.com/oauth2/v3/token [omitted]
[debug] [2025-12-24T16:46:43.801Z] >>> [apiv2][query] GET https://serviceusage.googleapis.com/v1/projects/nova-stream-dae14/services/firebaseremoteconfig.googleapis.com [none]
[debug] [2025-12-24T16:46:43.801Z] >>> [apiv2][(partial)header] GET https://serviceusage.googleapis.com/v1/projects/nova-stream-dae14/services/firebaseremoteconfig.googleapis.com x-goog-quota-user=projects/nova-stream-dae14
[debug] [2025-12-24T16:46:43.803Z] <<< [apiv2][status] POST https://www.googleapis.com/oauth2/v3/token 200
[debug] [2025-12-24T16:46:43.804Z] <<< [apiv2][body] POST https://www.googleapis.com/oauth2/v3/token [omitted]
[debug] [2025-12-24T16:46:43.811Z] >>> [apiv2][query] GET https://serviceusage.googleapis.com/v1/projects/nova-stream-dae14/services/storage.googleapis.com [none]
[debug] [2025-12-24T16:46:43.811Z] >>> [apiv2][(partial)header] GET https://serviceusage.googleapis.com/v1/projects/nova-stream-dae14/services/storage.googleapis.com x-goog-quota-user=projects/nova-stream-dae14
[debug] [2025-12-24T16:46:43.813Z] <<< [apiv2][status] POST https://www.googleapis.com/oauth2/v3/token 200
[debug] [2025-12-24T16:46:43.813Z] <<< [apiv2][body] POST https://www.googleapis.com/oauth2/v3/token [omitted]
[debug] [2025-12-24T16:46:43.828Z] >>> [apiv2][query] GET https://serviceusage.googleapis.com/v1/projects/nova-stream-dae14/services/firebasedataconnect.googleapis.com [none]
[debug] [2025-12-24T16:46:43.828Z] >>> [apiv2][(partial)header] GET https://serviceusage.googleapis.com/v1/projects/nova-stream-dae14/services/firebasedataconnect.googleapis.com x-goog-quota-user=projects/nova-stream-dae14
[debug] [2025-12-24T16:46:43.834Z] <<< [apiv2][status] POST https://www.googleapis.com/oauth2/v3/token 200
[debug] [2025-12-24T16:46:43.835Z] <<< [apiv2][body] POST https://www.googleapis.com/oauth2/v3/token [omitted]
[debug] [2025-12-24T16:46:43.845Z] >>> [apiv2][query] GET https://serviceusage.googleapis.com/v1/projects/nova-stream-dae14/services/identitytoolkit.googleapis.com [none]
[debug] [2025-12-24T16:46:43.845Z] >>> [apiv2][(partial)header] GET https://serviceusage.googleapis.com/v1/projects/nova-stream-dae14/services/identitytoolkit.googleapis.com x-goog-quota-user=projects/nova-stream-dae14
[debug] [2025-12-24T16:46:44.601Z] <<< [apiv2][status] GET https://serviceusage.googleapis.com/v1/projects/nova-stream-dae14/services/storage.googleapis.com 200
[debug] [2025-12-24T16:46:44.602Z] <<< [apiv2][body] GET https://serviceusage.googleapis.com/v1/projects/nova-stream-dae14/services/storage.googleapis.com [omitted]
[debug] [2025-12-24T16:46:44.627Z] <<< [apiv2][status] GET https://serviceusage.googleapis.com/v1/projects/nova-stream-dae14/services/firebaseapphosting.googleapis.com 200
[debug] [2025-12-24T16:46:44.627Z] <<< [apiv2][body] GET https://serviceusage.googleapis.com/v1/projects/nova-stream-dae14/services/firebaseapphosting.googleapis.com [omitted]
[debug] [2025-12-24T16:46:44.679Z] <<< [apiv2][status] GET https://serviceusage.googleapis.com/v1/projects/nova-stream-dae14/services/cloudfunctions.googleapis.com 200
[debug] [2025-12-24T16:46:44.679Z] <<< [apiv2][body] GET https://serviceusage.googleapis.com/v1/projects/nova-stream-dae14/services/cloudfunctions.googleapis.com [omitted]
[debug] [2025-12-24T16:46:44.734Z] <<< [apiv2][status] GET https://serviceusage.googleapis.com/v1/projects/nova-stream-dae14/services/firebaseapphosting.googleapis.com 200
[debug] [2025-12-24T16:46:44.734Z] <<< [apiv2][body] GET https://serviceusage.googleapis.com/v1/projects/nova-stream-dae14/services/firebaseapphosting.googleapis.com [omitted]
[debug] [2025-12-24T16:46:44.766Z] <<< [apiv2][status] GET https://serviceusage.googleapis.com/v1/projects/nova-stream-dae14/services/firebasedataconnect.googleapis.com 200
[debug] [2025-12-24T16:46:44.766Z] <<< [apiv2][body] GET https://serviceusage.googleapis.com/v1/projects/nova-stream-dae14/services/firebasedataconnect.googleapis.com [omitted]
[debug] [2025-12-24T16:46:44.772Z] <<< [apiv2][status] GET https://serviceusage.googleapis.com/v1/projects/nova-stream-dae14/services/fcm.googleapis.com 200
[debug] [2025-12-24T16:46:44.772Z] <<< [apiv2][body] GET https://serviceusage.googleapis.com/v1/projects/nova-stream-dae14/services/fcm.googleapis.com [omitted]
[debug] [2025-12-24T16:46:44.800Z] <<< [apiv2][status] GET https://serviceusage.googleapis.com/v1/projects/nova-stream-dae14/services/identitytoolkit.googleapis.com 200
[debug] [2025-12-24T16:46:44.800Z] <<< [apiv2][body] GET https://serviceusage.googleapis.com/v1/projects/nova-stream-dae14/services/identitytoolkit.googleapis.com [omitted]
[debug] [2025-12-24T16:46:44.852Z] <<< [apiv2][status] GET https://serviceusage.googleapis.com/v1/projects/nova-stream-dae14/services/fcm.googleapis.com 200
[debug] [2025-12-24T16:46:44.855Z] <<< [apiv2][body] GET https://serviceusage.googleapis.com/v1/projects/nova-stream-dae14/services/fcm.googleapis.com [omitted]
[debug] [2025-12-24T16:46:44.883Z] <<< [apiv2][status] GET https://serviceusage.googleapis.com/v1/projects/nova-stream-dae14/services/identitytoolkit.googleapis.com 200
[debug] [2025-12-24T16:46:44.883Z] <<< [apiv2][body] GET https://serviceusage.googleapis.com/v1/projects/nova-stream-dae14/services/identitytoolkit.googleapis.com [omitted]
[debug] [2025-12-24T16:46:44.901Z] <<< [apiv2][status] GET https://serviceusage.googleapis.com/v1/projects/nova-stream-dae14/services/firebasedataconnect.googleapis.com 200
[debug] [2025-12-24T16:46:44.901Z] <<< [apiv2][body] GET https://serviceusage.googleapis.com/v1/projects/nova-stream-dae14/services/firebasedataconnect.googleapis.com [omitted]
[debug] [2025-12-24T16:46:44.938Z] <<< [apiv2][status] GET https://serviceusage.googleapis.com/v1/projects/nova-stream-dae14/services/firebaseremoteconfig.googleapis.com 200
[debug] [2025-12-24T16:46:44.939Z] <<< [apiv2][body] GET https://serviceusage.googleapis.com/v1/projects/nova-stream-dae14/services/firebaseremoteconfig.googleapis.com [omitted]
[error] Failed to fetch Firebase Project from Studio Workspace because WORKSPACE_SLUG environment variable is empty
[error] Failed to fetch Firebase Project from Studio Workspace because WORKSPACE_SLUG environment variable is empty
[error] Failed to fetch Firebase Project from Studio Workspace because WORKSPACE_SLUG environment variable is empty
[debug] [2025-12-24T16:46:44.952Z] > command requires scopes: ["email","openid","https://www.googleapis.com/auth/cloudplatformprojects.readonly","https://www.googleapis.com/auth/firebase","https://www.googleapis.com/auth/cloud-platform","https://www.googleapis.com/auth/userinfo.email"]
[debug] [2025-12-24T16:46:44.952Z] > authorizing via signed-in user (ai729776@gmail.com)
[error] Failed to fetch Firebase Project from Studio Workspace because WORKSPACE_SLUG environment variable is empty
[debug] [2025-12-24T16:46:44.955Z] > command requires scopes: ["email","openid","https://www.googleapis.com/auth/cloudplatformprojects.readonly","https://www.googleapis.com/auth/firebase","https://www.googleapis.com/auth/cloud-platform","https://www.googleapis.com/auth/userinfo.email"]
[debug] [2025-12-24T16:46:44.955Z] > authorizing via signed-in user (ai729776@gmail.com)
[debug] [2025-12-24T16:46:44.974Z] <<< [apiv2][status] GET https://serviceusage.googleapis.com/v1/projects/nova-stream-dae14/services/cloudfunctions.googleapis.com 200
[debug] [2025-12-24T16:46:44.976Z] <<< [apiv2][body] GET https://serviceusage.googleapis.com/v1/projects/nova-stream-dae14/services/cloudfunctions.googleapis.com [omitted]
[debug] [2025-12-24T16:46:44.985Z] <<< [apiv2][status] GET https://serviceusage.googleapis.com/v1/projects/nova-stream-dae14/services/firebaseremoteconfig.googleapis.com 200
[debug] [2025-12-24T16:46:44.985Z] <<< [apiv2][body] GET https://serviceusage.googleapis.com/v1/projects/nova-stream-dae14/services/firebaseremoteconfig.googleapis.com [omitted]
[error] Failed to fetch Firebase Project from Studio Workspace because WORKSPACE_SLUG environment variable is empty
[error] Failed to fetch Firebase Project from Studio Workspace because WORKSPACE_SLUG environment variable is empty
[error] Failed to fetch Firebase Project from Studio Workspace because WORKSPACE_SLUG environment variable is empty
[error] Failed to fetch Firebase Project from Studio Workspace because WORKSPACE_SLUG environment variable is empty
[error] Failed to fetch Firebase Project from Studio Workspace because WORKSPACE_SLUG environment variable is empty
[error] Failed to fetch Firebase Project from Studio Workspace because WORKSPACE_SLUG environment variable is empty
[debug] [2025-12-24T16:46:45.022Z] > command requires scopes: ["email","openid","https://www.googleapis.com/auth/cloudplatformprojects.readonly","https://www.googleapis.com/auth/firebase","https://www.googleapis.com/auth/cloud-platform","https://www.googleapis.com/auth/userinfo.email"]
[debug] [2025-12-24T16:46:45.022Z] > authorizing via signed-in user (ai729776@gmail.com)
[debug] [2025-12-24T16:46:45.024Z] > command requires scopes: ["email","openid","https://www.googleapis.com/auth/cloudplatformprojects.readonly","https://www.googleapis.com/auth/firebase","https://www.googleapis.com/auth/cloud-platform","https://www.googleapis.com/auth/userinfo.email"]
[debug] [2025-12-24T16:46:45.025Z] > authorizing via signed-in user (ai729776@gmail.com)
[error] Failed to fetch Firebase Project from Studio Workspace because WORKSPACE_SLUG environment variable is empty
[error] Failed to fetch Firebase Project from Studio Workspace because WORKSPACE_SLUG environment variable is empty
[debug] [2025-12-24T16:46:45.028Z] > command requires scopes: ["email","openid","https://www.googleapis.com/auth/cloudplatformprojects.readonly","https://www.googleapis.com/auth/firebase","https://www.googleapis.com/auth/cloud-platform","https://www.googleapis.com/auth/userinfo.email"]
[debug] [2025-12-24T16:46:45.028Z] > authorizing via signed-in user (ai729776@gmail.com)
[debug] [2025-12-24T16:46:45.028Z] > command requires scopes: ["email","openid","https://www.googleapis.com/auth/cloudplatformprojects.readonly","https://www.googleapis.com/auth/firebase","https://www.googleapis.com/auth/cloud-platform","https://www.googleapis.com/auth/userinfo.email"]
[debug] [2025-12-24T16:46:45.029Z] > authorizing via signed-in user (ai729776@gmail.com)
[debug] [2025-12-24T16:46:45.035Z] <<< [apiv2][status] GET https://serviceusage.googleapis.com/v1/projects/nova-stream-dae14/services/storage.googleapis.com 200
[debug] [2025-12-24T16:46:45.035Z] <<< [apiv2][body] GET https://serviceusage.googleapis.com/v1/projects/nova-stream-dae14/services/storage.googleapis.com [omitted]
[error] Failed to fetch Firebase Project from Studio Workspace because WORKSPACE_SLUG environment variable is empty
[error] Failed to fetch Firebase Project from Studio Workspace because WORKSPACE_SLUG environment variable is empty
[error] Failed to fetch Firebase Project from Studio Workspace because WORKSPACE_SLUG environment variable is empty
[error] Failed to fetch Firebase Project from Studio Workspace because WORKSPACE_SLUG environment variable is empty
[debug] [2025-12-25T03:38:02.816Z] > command requires scopes: ["email","openid","https://www.googleapis.com/auth/cloudplatformprojects.readonly","https://www.googleapis.com/auth/firebase","https://www.googleapis.com/auth/cloud-platform","https://www.googleapis.com/auth/userinfo.email"]
[debug] [2025-12-25T03:38:02.818Z] > authorizing via signed-in user (ai729776@gmail.com)
[debug] [2025-12-25T03:38:02.836Z] Checked if tokens are valid: false, expires at: 1766598402835
[debug] [2025-12-25T03:38:02.837Z] Checked if tokens are valid: false, expires at: 1766598402835
[debug] [2025-12-25T03:38:02.838Z] > refreshing access token with scopes: []
[debug] [2025-12-25T03:38:02.841Z] >>> [apiv2][query] POST https://www.googleapis.com/oauth2/v3/token [none]
[debug] [2025-12-25T03:38:02.841Z] >>> [apiv2][body] POST https://www.googleapis.com/oauth2/v3/token [omitted]
[debug] [2025-12-25T03:38:02.888Z] Checked if tokens are valid: false, expires at: 1766598402835
[debug] [2025-12-25T03:38:02.888Z] Checked if tokens are valid: false, expires at: 1766598402835
[debug] [2025-12-25T03:38:02.888Z] > refreshing access token with scopes: []
[debug] [2025-12-25T03:38:02.889Z] >>> [apiv2][query] POST https://www.googleapis.com/oauth2/v3/token [none]
[debug] [2025-12-25T03:38:02.890Z] >>> [apiv2][body] POST https://www.googleapis.com/oauth2/v3/token [omitted]
[debug] [2025-12-25T03:38:02.906Z] Checked if tokens are valid: false, expires at: 1766598402835
[debug] [2025-12-25T03:38:02.906Z] Checked if tokens are valid: false, expires at: 1766598402835
[debug] [2025-12-25T03:38:02.906Z] > refreshing access token with scopes: []
[debug] [2025-12-25T03:38:02.907Z] >>> [apiv2][query] POST https://www.googleapis.com/oauth2/v3/token [none]
[debug] [2025-12-25T03:38:02.907Z] >>> [apiv2][body] POST https://www.googleapis.com/oauth2/v3/token [omitted]
[debug] [2025-12-25T03:38:02.910Z] > command requires scopes: ["email","openid","https://www.googleapis.com/auth/cloudplatformprojects.readonly","https://www.googleapis.com/auth/firebase","https://www.googleapis.com/auth/cloud-platform","https://www.googleapis.com/auth/userinfo.email"]
[debug] [2025-12-25T03:38:02.910Z] > authorizing via signed-in user (ai729776@gmail.com)
[debug] [2025-12-25T03:38:02.912Z] Checked if tokens are valid: false, expires at: 1766598402835
[debug] [2025-12-25T03:38:02.912Z] Checked if tokens are valid: false, expires at: 1766598402835
[debug] [2025-12-25T03:38:02.912Z] > refreshing access token with scopes: []
[debug] [2025-12-25T03:38:02.913Z] >>> [apiv2][query] POST https://www.googleapis.com/oauth2/v3/token [none]
[debug] [2025-12-25T03:38:02.913Z] >>> [apiv2][body] POST https://www.googleapis.com/oauth2/v3/token [omitted]
[debug] [2025-12-25T03:38:02.916Z] Checked if tokens are valid: false, expires at: 1766598402835
[debug] [2025-12-25T03:38:02.916Z] Checked if tokens are valid: false, expires at: 1766598402835
[debug] [2025-12-25T03:38:02.916Z] > refreshing access token with scopes: []
[debug] [2025-12-25T03:38:02.917Z] >>> [apiv2][query] POST https://www.googleapis.com/oauth2/v3/token [none]
[debug] [2025-12-25T03:38:02.917Z] >>> [apiv2][body] POST https://www.googleapis.com/oauth2/v3/token [omitted]
[debug] [2025-12-25T03:38:02.938Z] Checked if tokens are valid: false, expires at: 1766598402835
[debug] [2025-12-25T03:38:02.939Z] Checked if tokens are valid: false, expires at: 1766598402835
[debug] [2025-12-25T03:38:02.939Z] > refreshing access token with scopes: []
[debug] [2025-12-25T03:38:02.939Z] >>> [apiv2][query] POST https://www.googleapis.com/oauth2/v3/token [none]
[debug] [2025-12-25T03:38:02.940Z] >>> [apiv2][body] POST https://www.googleapis.com/oauth2/v3/token [omitted]
[debug] [2025-12-25T03:38:03.103Z] <<< [apiv2][status] POST https://www.googleapis.com/oauth2/v3/token 200
[debug] [2025-12-25T03:38:03.104Z] <<< [apiv2][body] POST https://www.googleapis.com/oauth2/v3/token [omitted]
[debug] [2025-12-25T03:38:05.512Z] >>> [apiv2][query] GET https://serviceusage.googleapis.com/v1/projects/nova-stream-dae14/services/firebaseapphosting.googleapis.com [none]
[debug] [2025-12-25T03:38:05.513Z] >>> [apiv2][(partial)header] GET https://serviceusage.googleapis.com/v1/projects/nova-stream-dae14/services/firebaseapphosting.googleapis.com x-goog-quota-user=projects/nova-stream-dae14
[debug] [2025-12-25T03:38:05.517Z] <<< [apiv2][status] POST https://www.googleapis.com/oauth2/v3/token 200
[debug] [2025-12-25T03:38:05.517Z] <<< [apiv2][body] POST https://www.googleapis.com/oauth2/v3/token [omitted]
[debug] [2025-12-25T03:38:06.834Z] >>> [apiv2][query] GET https://serviceusage.googleapis.com/v1/projects/nova-stream-dae14/services/firebasedataconnect.googleapis.com [none]
[debug] [2025-12-25T03:38:06.834Z] >>> [apiv2][(partial)header] GET https://serviceusage.googleapis.com/v1/projects/nova-stream-dae14/services/firebasedataconnect.googleapis.com x-goog-quota-user=projects/nova-stream-dae14
[debug] [2025-12-25T03:38:06.865Z] <<< [apiv2][status] POST https://www.googleapis.com/oauth2/v3/token 200
[debug] [2025-12-25T03:38:06.865Z] <<< [apiv2][body] POST https://www.googleapis.com/oauth2/v3/token [omitted]
[debug] [2025-12-25T03:38:07.437Z] >>> [apiv2][query] GET https://serviceusage.googleapis.com/v1/projects/nova-stream-dae14/services/cloudfunctions.googleapis.com [none]
[debug] [2025-12-25T03:38:07.437Z] >>> [apiv2][(partial)header] GET https://serviceusage.googleapis.com/v1/projects/nova-stream-dae14/services/cloudfunctions.googleapis.com x-goog-quota-user=projects/nova-stream-dae14
[debug] [2025-12-25T03:38:07.471Z] <<< [apiv2][status] POST https://www.googleapis.com/oauth2/v3/token 200
[debug] [2025-12-25T03:38:07.471Z] <<< [apiv2][body] POST https://www.googleapis.com/oauth2/v3/token [omitted]
[debug] [2025-12-25T03:38:07.658Z] >>> [apiv2][query] GET https://serviceusage.googleapis.com/v1/projects/nova-stream-dae14/services/firebasedataconnect.googleapis.com [none]
[debug] [2025-12-25T03:38:07.658Z] >>> [apiv2][(partial)header] GET https://serviceusage.googleapis.com/v1/projects/nova-stream-dae14/services/firebasedataconnect.googleapis.com x-goog-quota-user=projects/nova-stream-dae14
[error] Failed to fetch Firebase Project from Studio Workspace because WORKSPACE_SLUG environment variable is empty
[error] Failed to fetch Firebase Project from Studio Workspace because WORKSPACE_SLUG environment variable is empty
[error] Failed to fetch Firebase Project from Studio Workspace because WORKSPACE_SLUG environment variable is empty
[debug] [2025-12-25T03:38:07.683Z] > command requires scopes: ["email","openid","https://www.googleapis.com/auth/cloudplatformprojects.readonly","https://www.googleapis.com/auth/firebase","https://www.googleapis.com/auth/cloud-platform","https://www.googleapis.com/auth/userinfo.email"]
[debug] [2025-12-25T03:38:07.683Z] > authorizing via signed-in user (ai729776@gmail.com)
[error] Failed to fetch Firebase Project from Studio Workspace because WORKSPACE_SLUG environment variable is empty
[debug] [2025-12-25T03:38:07.690Z] > command requires scopes: ["email","openid","https://www.googleapis.com/auth/cloudplatformprojects.readonly","https://www.googleapis.com/auth/firebase","https://www.googleapis.com/auth/cloud-platform","https://www.googleapis.com/auth/userinfo.email"]
[debug] [2025-12-25T03:38:07.690Z] > authorizing via signed-in user (ai729776@gmail.com)
[debug] [2025-12-25T03:38:07.721Z] <<< [apiv2][status] POST https://www.googleapis.com/oauth2/v3/token 200
[debug] [2025-12-25T03:38:07.723Z] <<< [apiv2][body] POST https://www.googleapis.com/oauth2/v3/token [omitted]
[debug] [2025-12-25T03:38:07.771Z] >>> [apiv2][query] GET https://serviceusage.googleapis.com/v1/projects/nova-stream-dae14/services/firebaseapphosting.googleapis.com [none]
[debug] [2025-12-25T03:38:07.771Z] >>> [apiv2][(partial)header] GET https://serviceusage.googleapis.com/v1/projects/nova-stream-dae14/services/firebaseapphosting.googleapis.com x-goog-quota-user=projects/nova-stream-dae14
[error] Failed to fetch Firebase Project from Studio Workspace because WORKSPACE_SLUG environment variable is empty
[error] Failed to fetch Firebase Project from Studio Workspace because WORKSPACE_SLUG environment variable is empty
[error] Failed to fetch Firebase Project from Studio Workspace because WORKSPACE_SLUG environment variable is empty
[error] Failed to fetch Firebase Project from Studio Workspace because WORKSPACE_SLUG environment variable is empty
[error] Failed to fetch Firebase Project from Studio Workspace because WORKSPACE_SLUG environment variable is empty
[error] Failed to fetch Firebase Project from Studio Workspace because WORKSPACE_SLUG environment variable is empty
[debug] [2025-12-25T03:38:07.812Z] > command requires scopes: ["email","openid","https://www.googleapis.com/auth/cloudplatformprojects.readonly","https://www.googleapis.com/auth/firebase","https://www.googleapis.com/auth/cloud-platform","https://www.googleapis.com/auth/userinfo.email"]
[debug] [2025-12-25T03:38:07.812Z] > authorizing via signed-in user (ai729776@gmail.com)
[debug] [2025-12-25T03:38:07.813Z] > command requires scopes: ["email","openid","https://www.googleapis.com/auth/cloudplatformprojects.readonly","https://www.googleapis.com/auth/firebase","https://www.googleapis.com/auth/cloud-platform","https://www.googleapis.com/auth/userinfo.email"]
[debug] [2025-12-25T03:38:07.813Z] > authorizing via signed-in user (ai729776@gmail.com)
[error] Failed to fetch Firebase Project from Studio Workspace because WORKSPACE_SLUG environment variable is empty
[error] Failed to fetch Firebase Project from Studio Workspace because WORKSPACE_SLUG environment variable is empty
[debug] [2025-12-25T03:38:07.824Z] > command requires scopes: ["email","openid","https://www.googleapis.com/auth/cloudplatformprojects.readonly","https://www.googleapis.com/auth/firebase","https://www.googleapis.com/auth/cloud-platform","https://www.googleapis.com/auth/userinfo.email"]
[debug] [2025-12-25T03:38:07.825Z] > authorizing via signed-in user (ai729776@gmail.com)
[debug] [2025-12-25T03:38:07.825Z] > command requires scopes: ["email","openid","https://www.googleapis.com/auth/cloudplatformprojects.readonly","https://www.googleapis.com/auth/firebase","https://www.googleapis.com/auth/cloud-platform","https://www.googleapis.com/auth/userinfo.email"]
[debug] [2025-12-25T03:38:07.825Z] > authorizing via signed-in user (ai729776@gmail.com)
[debug] [2025-12-25T03:38:07.827Z] <<< [apiv2][status] POST https://www.googleapis.com/oauth2/v3/token 200
[debug] [2025-12-25T03:38:07.828Z] <<< [apiv2][body] POST https://www.googleapis.com/oauth2/v3/token [omitted]
[debug] [2025-12-25T03:38:07.863Z] >>> [apiv2][query] GET https://serviceusage.googleapis.com/v1/projects/nova-stream-dae14/services/cloudfunctions.googleapis.com [none]
[debug] [2025-12-25T03:38:07.864Z] >>> [apiv2][(partial)header] GET https://serviceusage.googleapis.com/v1/projects/nova-stream-dae14/services/cloudfunctions.googleapis.com x-goog-quota-user=projects/nova-stream-dae14
[debug] [2025-12-25T03:38:08.463Z] <<< [apiv2][status] GET https://serviceusage.googleapis.com/v1/projects/nova-stream-dae14/services/firebaseapphosting.googleapis.com 200
[debug] [2025-12-25T03:38:08.464Z] <<< [apiv2][body] GET https://serviceusage.googleapis.com/v1/projects/nova-stream-dae14/services/firebaseapphosting.googleapis.com [omitted]
[debug] [2025-12-25T03:38:08.813Z] <<< [apiv2][status] GET https://serviceusage.googleapis.com/v1/projects/nova-stream-dae14/services/firebasedataconnect.googleapis.com 200
[debug] [2025-12-25T03:38:08.814Z] <<< [apiv2][body] GET https://serviceusage.googleapis.com/v1/projects/nova-stream-dae14/services/firebasedataconnect.googleapis.com [omitted]
[debug] [2025-12-25T03:38:08.819Z] <<< [apiv2][status] GET https://serviceusage.googleapis.com/v1/projects/nova-stream-dae14/services/firebasedataconnect.googleapis.com 200
[debug] [2025-12-25T03:38:08.819Z] <<< [apiv2][body] GET https://serviceusage.googleapis.com/v1/projects/nova-stream-dae14/services/firebasedataconnect.googleapis.com [omitted]
[debug] [2025-12-25T03:38:08.830Z] <<< [apiv2][status] GET https://serviceusage.googleapis.com/v1/projects/nova-stream-dae14/services/cloudfunctions.googleapis.com 200
[debug] [2025-12-25T03:38:08.833Z] <<< [apiv2][body] GET https://serviceusage.googleapis.com/v1/projects/nova-stream-dae14/services/cloudfunctions.googleapis.com [omitted]
[debug] [2025-12-25T03:38:08.925Z] <<< [apiv2][status] GET https://serviceusage.googleapis.com/v1/projects/nova-stream-dae14/services/cloudfunctions.googleapis.com 200
[debug] [2025-12-25T03:38:08.928Z] <<< [apiv2][body] GET https://serviceusage.googleapis.com/v1/projects/nova-stream-dae14/services/cloudfunctions.googleapis.com [omitted]
[debug] [2025-12-25T03:38:08.943Z] <<< [apiv2][status] GET https://serviceusage.googleapis.com/v1/projects/nova-stream-dae14/services/firebaseapphosting.googleapis.com 200
[debug] [2025-12-25T03:38:08.943Z] <<< [apiv2][body] GET https://serviceusage.googleapis.com/v1/projects/nova-stream-dae14/services/firebaseapphosting.googleapis.com [omitted]
